<?xml version="1.0" encoding="UTF-8"?>
<!-- Generated by org.testng.reporters.JUnitReportReporter -->
<testsuite hostname="Unbreakable" failures="0" tests="6" name="api.test.DDTests" time="9.169" errors="0" timestamp="2024-09-09T16:02:19 TRT" skipped="0">
  <testcase classname="api.test.DDTests" name="testPostUser" time="3.988"/>
  <testcase classname="api.test.DDTests" name="testPostUser" time="0.865"/>
  <testcase classname="api.test.DDTests" name="testPostUser" time="1.028"/>
  <testcase classname="api.test.DDTests" name="testDeleteUserByName" time="1.346"/>
  <testcase classname="api.test.DDTests" name="testDeleteUserByName" time="1.022"/>
  <testcase classname="api.test.DDTests" name="testDeleteUserByName" time="0.920"/>
</testsuite> <!-- api.test.DDTests -->
