<?xml version="1.0" encoding="UTF-8"?>
<!-- Generated by org.testng.reporters.JUnitReportReporter -->
<testsuite hostname="Unbreakable" failures="0" tests="4" name="api.test.UserTests2" time="5.224" errors="0" timestamp="2024-09-09T19:14:43 TRT" skipped="0">
  <testcase classname="api.test.UserTests2" name="testPostUser" time="2.147"/>
  <testcase classname="api.test.UserTests2" name="testGetUserByName" time="0.775"/>
  <testcase classname="api.test.UserTests2" name="testUpdateUserByName" time="1.532"/>
  <testcase classname="api.test.UserTests2" name="testDeleteUserByName" time="0.770"/>
</testsuite> <!-- api.test.UserTests2 -->
