<?xml version="1.0" encoding="UTF-8"?>
<!-- Generated by org.testng.reporters.JUnitReportReporter -->
<testsuite hostname="Unbreakable" failures="0" tests="4" name="api.test.UserTests" time="7.795" errors="0" timestamp="2024-09-09T17:24:34 TRT" skipped="0">
  <testcase classname="api.test.UserTests" name="testPostUser" time="3.669"/>
  <testcase classname="api.test.UserTests" name="testGetUserByName" time="1.054"/>
  <testcase classname="api.test.UserTests" name="testUpdateUserByName" time="2.101"/>
  <testcase classname="api.test.UserTests" name="testDeleteUserByName" time="0.971"/>
</testsuite> <!-- api.test.UserTests -->
