<?xml version="1.0" encoding="UTF-8"?>
<!-- Generated by org.testng.reporters.JUnitReportReporter -->
<testsuite hostname="Unbreakable" failures="0" tests="6" name="api.test.DDTests" time="5.883" errors="0" timestamp="2024-09-09T19:24:20 TRT" skipped="0">
  <testcase classname="api.test.DDTests" name="testPostUser" time="2.122"/>
  <testcase classname="api.test.DDTests" name="testPostUser" time="0.760"/>
  <testcase classname="api.test.DDTests" name="testPostUser" time="0.737"/>
  <testcase classname="api.test.DDTests" name="testDeleteUserByName" time="0.743"/>
  <testcase classname="api.test.DDTests" name="testDeleteUserByName" time="0.774"/>
  <testcase classname="api.test.DDTests" name="testDeleteUserByName" time="0.747"/>
</testsuite> <!-- api.test.DDTests -->
