<?xml version="1.0" encoding="UTF-8"?>
<!-- Generated by org.testng.reporters.JUnitReportReporter -->
<testsuite hostname="Unbreakable" failures="0" tests="4" name="api.test.UserTests" time="3.802" errors="0" timestamp="2024-09-09T19:24:20 TRT" skipped="0">
  <testcase classname="api.test.UserTests" name="testPostUser" time="0.787"/>
  <testcase classname="api.test.UserTests" name="testGetUserByName" time="0.748"/>
  <testcase classname="api.test.UserTests" name="testUpdateUserByName" time="1.512"/>
  <testcase classname="api.test.UserTests" name="testDeleteUserByName" time="0.755"/>
</testsuite> <!-- api.test.UserTests -->
